# JRE version: OpenJDK Runtime Environment Temurin-17.0.1+12 (17.0.1+12) (build 17.0.1+12)
# Java VM: OpenJDK 64-Bit Server VM Temurin-17.0.1+12 (17.0.1+12, mixed mode, tiered, compressed oops, compressed class ptrs, g1 gc, windows-amd64)
GC Precious Log:
 CPUs: 4 total, 4 available
 Memory: 7826M
 Large Page Support: Disabled
 NUMA Support: Disabled
 Compressed Oops: Enabled (32-bit)
 Heap Region Size: 1M
 Heap Min Capacity: 8M
 Heap Initial Capacity: 124M
 Heap Max Capacity: 1958M
 Pre-touch: Disabled
 Parallel Workers: 4
 Concurrent Workers: 1
 Concurrent Refinement Workers: 4
 Periodic GC: Disabled
Heap:
 garbage-first heap   total 120832K, used 45120K [0x0000000085a00000, 0x0000000100000000)
  region size 1024K, 13 young (13312K), 4 survivors (4096K)
 Metaspace       used 77023K, committed 77440K, reserved 1122304K
  class space    used 9484K, committed 9728K, reserved 1048576K
GC Heap History (20 events):
Event: 13.340 GC heap before
{Heap before GC invocations=26 (full 0):
 garbage-first heap   total 84992K, used 68838K [0x0000000085a00000, 0x0000000100000000)
  region size 1024K, 46 young (47104K), 3 survivors (3072K)
 Metaspace       used 63396K, committed 63744K, reserved 1105920K
  class space    used 7860K, committed 8000K, reserved 1048576K
}
Event: 13.348 GC heap after
{Heap after GC invocations=27 (full 0):
 garbage-first heap   total 84992K, used 25910K [0x0000000085a00000, 0x0000000100000000)
  region size 1024K, 4 young (4096K), 4 survivors (4096K)
 Metaspace       used 63396K, committed 63744K, reserved 1105920K
  class space    used 7860K, committed 8000K, reserved 1048576K
}
Event: 14.254 GC heap before
{Heap before GC invocations=27 (full 0):
 garbage-first heap   total 84992K, used 68918K [0x0000000085a00000, 0x0000000100000000)
  region size 1024K, 46 young (47104K), 4 survivors (4096K)
 Metaspace       used 65795K, committed 66112K, reserved 1114112K
  class space    used 8179K, committed 8320K, reserved 1048576K
}
Event: 14.263 GC heap after
{Heap after GC invocations=28 (full 0):
 garbage-first heap   total 84992K, used 28417K [0x0000000085a00000, 0x0000000100000000)
  region size 1024K, 6 young (6144K), 6 survivors (6144K)
 Metaspace       used 65795K, committed 66112K, reserved 1114112K
  class space    used 8179K, committed 8320K, reserved 1048576K
}
Event: 29.941 GC heap before
{Heap before GC invocations=28 (full 0):
 garbage-first heap   total 84992K, used 67329K [0x0000000085a00000, 0x0000000100000000)
  region size 1024K, 44 young (45056K), 6 survivors (6144K)
 Metaspace       used 69785K, committed 70144K, reserved 1114112K
  class space    used 8650K, committed 8832K, reserved 1048576K
}
Event: 29.959 GC heap after
{Heap after GC invocations=29 (full 0):
 garbage-first heap   total 84992K, used 29994K [0x0000000085a00000, 0x0000000100000000)
  region size 1024K, 5 young (5120K), 5 survivors (5120K)
 Metaspace       used 69785K, committed 70144K, reserved 1114112K
  class space    used 8650K, committed 8832K, reserved 1048576K
}
Event: 30.692 GC heap before
{Heap before GC invocations=29 (full 0):
 garbage-first heap   total 84992K, used 68906K [0x0000000085a00000, 0x0000000100000000)
  region size 1024K, 43 young (44032K), 5 survivors (5120K)
 Metaspace       used 73644K, committed 73984K, reserved 1114112K
  class space    used 9091K, committed 9280K, reserved 1048576K
}
Event: 30.705 GC heap after
{Heap after GC invocations=30 (full 0):
 garbage-first heap   total 84992K, used 33440K [0x0000000085a00000, 0x0000000100000000)
  region size 1024K, 6 young (6144K), 6 survivors (6144K)
 Metaspace       used 73644K, committed 73984K, reserved 1114112K
  class space    used 9091K, committed 9280K, reserved 1048576K
}
Event: 30.898 GC heap before
{Heap before GC invocations=30 (full 0):
 garbage-first heap   total 84992K, used 66208K [0x0000000085a00000, 0x0000000100000000)
  region size 1024K, 38 young (38912K), 6 survivors (6144K)
 Metaspace       used 74193K, committed 74560K, reserved 1122304K
  class space    used 9127K, committed 9344K, reserved 1048576K
}
Event: 30.909 GC heap after
{Heap after GC invocations=31 (full 0):
 garbage-first heap   total 84992K, used 34388K [0x0000000085a00000, 0x0000000100000000)
  region size 1024K, 1 young (1024K), 1 survivors (1024K)
 Metaspace       used 74193K, committed 74560K, reserved 1122304K
  class space    used 9127K, committed 9344K, reserved 1048576K
}
Event: 30.980 GC heap before
{Heap before GC invocations=31 (full 0):
 garbage-first heap   total 84992K, used 68180K [0x0000000085a00000, 0x0000000100000000)
  region size 1024K, 34 young (34816K), 1 survivors (1024K)
 Metaspace       used 74193K, committed 74560K, reserved 1122304K
  class space    used 9127K, committed 9344K, reserved 1048576K
}
Event: 30.983 GC heap after
{Heap after GC invocations=32 (full 0):
 garbage-first heap   total 84992K, used 34558K [0x0000000085a00000, 0x0000000100000000)
  region size 1024K, 2 young (2048K), 2 survivors (2048K)
 Metaspace       used 74193K, committed 74560K, reserved 1122304K
  class space    used 9127K, committed 9344K, reserved 1048576K
}
Event: 31.041 GC heap before
{Heap before GC invocations=32 (full 0):
 garbage-first heap   total 84992K, used 68350K [0x0000000085a00000, 0x0000000100000000)
  region size 1024K, 35 young (35840K), 2 survivors (2048K)
 Metaspace       used 74193K, committed 74560K, reserved 1122304K
  class space    used 9127K, committed 9344K, reserved 1048576K
}
Event: 31.045 GC heap after
{Heap after GC invocations=33 (full 0):
 garbage-first heap   total 84992K, used 34856K [0x0000000085a00000, 0x0000000100000000)
  region size 1024K, 2 young (2048K), 2 survivors (2048K)
 Metaspace       used 74193K, committed 74560K, reserved 1122304K
  class space    used 9127K, committed 9344K, reserved 1048576K
}
Event: 39.356 GC heap before
{Heap before GC invocations=33 (full 0):
 garbage-first heap   total 84992K, used 68648K [0x0000000085a00000, 0x0000000100000000)
  region size 1024K, 35 young (35840K), 2 survivors (2048K)
 Metaspace       used 76502K, committed 76864K, reserved 1122304K
  class space    used 9457K, committed 9664K, reserved 1048576K
}
Event: 39.361 GC heap after
{Heap after GC invocations=34 (full 0):
 garbage-first heap   total 120832K, used 35665K [0x0000000085a00000, 0x0000000100000000)
  region size 1024K, 3 young (3072K), 3 survivors (3072K)
 Metaspace       used 76502K, committed 76864K, reserved 1122304K
  class space    used 9457K, committed 9664K, reserved 1048576K
}
Event: 1579.038 GC heap before
{Heap before GC invocations=34 (full 0):
 garbage-first heap   total 120832K, used 99153K [0x0000000085a00000, 0x0000000100000000)
  region size 1024K, 65 young (66560K), 3 survivors (3072K)
 Metaspace       used 76749K, committed 77120K, reserved 1122304K
  class space    used 9464K, committed 9664K, reserved 1048576K
}
Event: 1579.044 GC heap after
{Heap after GC invocations=35 (full 0):
 garbage-first heap   total 120832K, used 36258K [0x0000000085a00000, 0x0000000100000000)
  region size 1024K, 3 young (3072K), 3 survivors (3072K)
 Metaspace       used 76749K, committed 77120K, reserved 1122304K
  class space    used 9464K, committed 9664K, reserved 1048576K
}
Event: 2885.578 GC heap before
{Heap before GC invocations=35 (full 0):
 garbage-first heap   total 120832K, used 100770K [0x0000000085a00000, 0x0000000100000000)
  region size 1024K, 66 young (67584K), 3 survivors (3072K)
 Metaspace       used 76929K, committed 77312K, reserved 1122304K
  class space    used 9471K, committed 9664K, reserved 1048576K
}
Event: 2885.583 GC heap after
{Heap after GC invocations=36 (full 0):
 garbage-first heap   total 120832K, used 36928K [0x0000000085a00000, 0x0000000100000000)
  region size 1024K, 4 young (4096K), 4 survivors (4096K)
 Metaspace       used 76929K, committed 77312K, reserved 1122304K
  class space    used 9471K, committed 9664K, reserved 1048576K
}

